debug:    [session:client] Emitting onAnyMessage event (1 registered)
Retrieve message: {
  id: "true_120363044370624328@g.us_1D332EB39B00E7611C9C1B9B7DB313CB_6285194776882@c.us",
  viewed: false,
  body: "Hey",
  type: "chat",
  t: 1750180180,
  notifyName: "Kapan yh",
  from: "6285194776882@c.us",
  to: "120363044370624328@g.us",
  author: "6285194776882@c.us",
  ack: 1,
  invis: false,
  isNewMsg: true,
  star: false,
  kicNotified: false,
  recvFresh: true,
  isFromTemplate: false,
  pollInvalidated: false,
  isSentCagPollCreation: false,
  latestEditMsgKey: null,
  latestEditSenderTimestampMs: null,
  mentionedJidList: [],
  groupMentions: [],
  isEventCanceled: false,
  eventInvalidated: false,
  isVcardOverMmsDocument: false,
  isForwarded: false,
  hasReaction: false,
  viewMode: "VISIBLE",
  messageSecret: {
    "0": 27,
    "1": 227,
    "2": 77,
    "3": 95,
    "4": 173,
    "5": 239,
    "6": 209,
    "7": 77,
    "8": 80,
    "9": 31,
    "10": 0,
    "11": 123,
    "12": 156,
    "13": 200,
    "14": 205,
    "15": 63,
    "16": 201,
    "17": 194,
    "18": 74,
    "19": 188,
    "20": 209,
    "21": 24,
    "22": 188,
    "23": 135,
    "24": 255,
    "25": 180,
    "26": 160,
    "27": 95,
    "28": 42,
    "29": 175,
    "30": 110,
    "31": 28,
  },
  productHeaderImageRejected: false,
  lastPlaybackProgress: 0,
  isDynamicReplyButtonsMsg: false,
  isCarouselCard: false,
  parentMsgId: null,
  callSilenceReason: null,
  isVideoCall: false,
  callDuration: null,
  callCreator: null,
  callParticipants: null,
  isMdHistoryMsg: false,
  stickerSentTs: 0,
  isAvatar: false,
  lastUpdateFromServerTs: 0,
  invokedBotWid: null,
  bizBotType: null,
  botResponseTargetId: null,
  botPluginType: null,
  botPluginReferenceIndex: null,
  botPluginSearchProvider: null,
  botPluginSearchUrl: null,
  botPluginSearchQuery: null,
  botPluginMaybeParent: false,
  botReelPluginThumbnailCdnUrl: null,
  botMessageDisclaimerText: null,
  botMsgBodyType: null,
  reportingTokenInfo: null,
  requiresDirectConnection: null,
  bizContentPlaceholderType: null,
  hostedBizEncStateMismatch: false,
  senderOrRecipientAccountTypeHosted: false,
  placeholderCreatedWhenAccountIsHosted: false,
  chatId: "120363044370624328@g.us",
  fromMe: true,
  sender: {
    id: "6285194776882@c.us",
    name: "Kurir Shopee Hari Senin Lazada Hari Selasa Libur Rabu",
    shortName: "Kurir Shopee Hari Senin Lazada Hari Selasa Libur",
    pushname: "Kapan yh",
    type: "in",
    isBusiness: false,
    isEnterprise: false,
    isSmb: false,
    isContactSyncCompleted: 1,
    disappearingModeDuration: 604800,
    disappearingModeSettingTimestamp: 1734939799,
    textStatusLastUpdateTime: -1,
    syncToAddressbook: false,
    formattedName: "You",
    isMe: true,
    isMyContact: true,
    isPSA: false,
    isUser: true,
    isWAContact: true,
    profilePicThumbObj: null,
    msgs: null,
  },
  timestamp: 1750180180,
  content: "Hey",
  isGroupMsg: true,
  mediaData: {},
}
debug:    [session:client] Emitting onRevokedMessage event (1 registered)
Revoked message: {
  author: "6285194776882@c.us",
  from: "6285194776882@c.us",
  to: "120363044370624328@g.us",
  id: "true_120363044370624328@g.us_7BCB7E105126F938832120E696B719D3_6285194776882@c.us",
  refId: "true_120363044370624328@g.us_1D332EB39B00E7611C9C1B9B7DB313CB_6285194776882@c.us",
}